<?xml version="1.0" encoding="UTF-8"?>
<!-- Generated by org.testng.reporters.JUnitXMLReporter -->
<testsuite ignored="0" hostname="LAPTOP-RAQOTQJ9" failures="0" tests="6" name="Default test" time="68.933" errors="0" timestamp="2024-09-11T23:58:29 BDT">
  <testcase classname="Playwright_Automation.StartChromBrowser" name="openUrl" time="29.098"/>
  <testcase classname="Playwright_Automation.StartChromBrowser" name="getTitle" time="2.018"/>
  <testcase classname="Playwright_Automation.StartChromBrowser" name="getUrl" time="2.005"/>
  <testcase classname="Playwright_Automation.StartChromBrowser" name="scroll" time="15.255"/>
  <testcase classname="Playwright_Automation.StartChromBrowser" name="scrolDown" time="10.024"/>
  <testcase classname="Playwright_Automation.StartChromBrowser" name="login" time="10.435"/>
</testsuite> <!-- Default test -->
